2024-05-06 10:45:20.355 [ERROR] [Hippodrome] - Horses list is empty
2024-05-06 10:45:20.370 [ERROR] [Hippodrome] - Horses list is null
2024-05-06 10:45:20.383 [DEBUG] [Horse] - ???????? Horse, ??? [Horse 1 ], ???????? [0.7455802318853421]
2024-05-06 10:45:20.383 [DEBUG] [Horse] - ???????? Horse, ??? [Horse 2 ], ???????? [0.7455802318853421]
2024-05-06 10:45:20.384 [DEBUG] [Horse] - ???????? Horse, ??? [Horse 3 ], ???????? [0.7455802318853421]
2024-05-06 10:45:20.384 [DEBUG] [Horse] - ???????? Horse, ??? [Horse 4 ], ???????? [0.7455802318853421]
2024-05-06 10:45:20.384 [DEBUG] [Horse] - ???????? Horse, ??? [Horse 5 ], ???????? [0.7455802318853421]
2024-05-06 10:45:20.385 [DEBUG] [Horse] - ???????? Horse, ??? [Horse 6 ], ???????? [0.7455802318853421]
2024-05-06 10:45:20.386 [DEBUG] [Horse] - ???????? Horse, ??? [Horse 7 ], ???????? [0.7455802318853421]
2024-05-06 10:45:20.386 [DEBUG] [Horse] - ???????? Horse, ??? [Horse 8 ], ???????? [0.7455802318853421]
2024-05-06 10:45:20.386 [DEBUG] [Horse] - ???????? Horse, ??? [Horse 9 ], ???????? [0.7455802318853421]
2024-05-06 10:45:20.386 [DEBUG] [Horse] - ???????? Horse, ??? [Horse 10 ], ???????? [0.7455802318853421]
2024-05-06 10:45:20.386 [DEBUG] [Horse] - ???????? Horse, ??? [Horse 11 ], ???????? [0.7455802318853421]
2024-05-06 10:45:20.386 [DEBUG] [Horse] - ???????? Horse, ??? [Horse 12 ], ???????? [0.7455802318853421]
2024-05-06 10:45:20.386 [DEBUG] [Horse] - ???????? Horse, ??? [Horse 13 ], ???????? [0.7455802318853421]
2024-05-06 10:45:20.386 [DEBUG] [Horse] - ???????? Horse, ??? [Horse 14 ], ???????? [0.7455802318853421]
2024-05-06 10:45:20.387 [DEBUG] [Horse] - ???????? Horse, ??? [Horse 15 ], ???????? [0.7455802318853421]
2024-05-06 10:45:20.387 [DEBUG] [Horse] - ???????? Horse, ??? [Horse 16 ], ???????? [0.7455802318853421]
2024-05-06 10:45:20.387 [DEBUG] [Horse] - ???????? Horse, ??? [Horse 17 ], ???????? [0.7455802318853421]
2024-05-06 10:45:20.387 [DEBUG] [Horse] - ???????? Horse, ??? [Horse 18 ], ???????? [0.7455802318853421]
2024-05-06 10:45:20.387 [DEBUG] [Horse] - ???????? Horse, ??? [Horse 19 ], ???????? [0.7455802318853421]
2024-05-06 10:45:20.387 [DEBUG] [Horse] - ???????? Horse, ??? [Horse 20 ], ???????? [0.7455802318853421]
2024-05-06 10:45:20.387 [DEBUG] [Horse] - ???????? Horse, ??? [Horse 21 ], ???????? [0.7455802318853421]
2024-05-06 10:45:20.387 [DEBUG] [Horse] - ???????? Horse, ??? [Horse 22 ], ???????? [0.7455802318853421]
2024-05-06 10:45:20.387 [DEBUG] [Horse] - ???????? Horse, ??? [Horse 23 ], ???????? [0.7455802318853421]
2024-05-06 10:45:20.387 [DEBUG] [Horse] - ???????? Horse, ??? [Horse 24 ], ???????? [0.7455802318853421]
2024-05-06 10:45:20.388 [DEBUG] [Horse] - ???????? Horse, ??? [Horse 25 ], ???????? [0.7455802318853421]
2024-05-06 10:45:20.388 [DEBUG] [Horse] - ???????? Horse, ??? [Horse 26 ], ???????? [0.7455802318853421]
2024-05-06 10:45:20.388 [DEBUG] [Horse] - ???????? Horse, ??? [Horse 27 ], ???????? [0.7455802318853421]
2024-05-06 10:45:20.388 [DEBUG] [Horse] - ???????? Horse, ??? [Horse 28 ], ???????? [0.7455802318853421]
2024-05-06 10:45:20.388 [DEBUG] [Horse] - ???????? Horse, ??? [Horse 29 ], ???????? [0.7455802318853421]
2024-05-06 10:45:20.388 [DEBUG] [Horse] - ???????? Horse, ??? [Horse 30 ], ???????? [0.7455802318853421]
2024-05-06 10:45:20.391 [DEBUG] [Hippodrome] - ???????? Hippodrome, ??????? [30]
2024-05-06 10:45:20.398 [ERROR] [Hippodrome] - Horses list is empty
2024-05-06 10:45:20.401 [ERROR] [Hippodrome] - Horses list is null
2024-05-06 10:45:20.403 [DEBUG] [Horse] - ???????? Horse, ??? [Horse 1 ], ???????? [2.8283160845150355]
2024-05-06 10:45:20.404 [DEBUG] [Horse] - ???????? Horse, ??? [Horse 2 ], ???????? [2.8283160845150355]
2024-05-06 10:45:20.404 [DEBUG] [Horse] - ???????? Horse, ??? [Horse 3 ], ???????? [2.8283160845150355]
2024-05-06 10:45:20.404 [DEBUG] [Horse] - ???????? Horse, ??? [Horse 4 ], ???????? [2.8283160845150355]
2024-05-06 10:45:20.404 [DEBUG] [Horse] - ???????? Horse, ??? [Horse 5 ], ???????? [2.8283160845150355]
2024-05-06 10:45:20.404 [DEBUG] [Horse] - ???????? Horse, ??? [Horse 6 ], ???????? [2.8283160845150355]
2024-05-06 10:45:20.404 [DEBUG] [Horse] - ???????? Horse, ??? [Horse 7 ], ???????? [2.8283160845150355]
2024-05-06 10:45:20.404 [DEBUG] [Horse] - ???????? Horse, ??? [Horse 8 ], ???????? [2.8283160845150355]
2024-05-06 10:45:20.404 [DEBUG] [Horse] - ???????? Horse, ??? [Horse 9 ], ???????? [2.8283160845150355]
2024-05-06 10:45:20.405 [DEBUG] [Horse] - ???????? Horse, ??? [Horse 10 ], ???????? [2.8283160845150355]
2024-05-06 10:45:20.405 [DEBUG] [Horse] - ???????? Horse, ??? [Horse 11 ], ???????? [2.8283160845150355]
2024-05-06 10:45:20.405 [DEBUG] [Horse] - ???????? Horse, ??? [Horse 12 ], ???????? [2.8283160845150355]
2024-05-06 10:45:20.405 [DEBUG] [Horse] - ???????? Horse, ??? [Horse 13 ], ???????? [2.8283160845150355]
2024-05-06 10:45:20.405 [DEBUG] [Horse] - ???????? Horse, ??? [Horse 14 ], ???????? [2.8283160845150355]
2024-05-06 10:45:20.405 [DEBUG] [Horse] - ???????? Horse, ??? [Horse 15 ], ???????? [2.8283160845150355]
2024-05-06 10:45:20.405 [DEBUG] [Horse] - ???????? Horse, ??? [Horse 16 ], ???????? [2.8283160845150355]
2024-05-06 10:45:20.405 [DEBUG] [Horse] - ???????? Horse, ??? [Horse 17 ], ???????? [2.8283160845150355]
2024-05-06 10:45:20.405 [DEBUG] [Horse] - ???????? Horse, ??? [Horse 18 ], ???????? [2.8283160845150355]
2024-05-06 10:45:20.405 [DEBUG] [Horse] - ???????? Horse, ??? [Horse 19 ], ???????? [2.8283160845150355]
2024-05-06 10:45:20.405 [DEBUG] [Horse] - ???????? Horse, ??? [Horse 20 ], ???????? [2.8283160845150355]
2024-05-06 10:45:20.405 [DEBUG] [Horse] - ???????? Horse, ??? [Horse 21 ], ???????? [2.8283160845150355]
2024-05-06 10:45:20.405 [DEBUG] [Horse] - ???????? Horse, ??? [Horse 22 ], ???????? [2.8283160845150355]
2024-05-06 10:45:20.406 [DEBUG] [Horse] - ???????? Horse, ??? [Horse 23 ], ???????? [2.8283160845150355]
2024-05-06 10:45:20.406 [DEBUG] [Horse] - ???????? Horse, ??? [Horse 24 ], ???????? [2.8283160845150355]
2024-05-06 10:45:20.406 [DEBUG] [Horse] - ???????? Horse, ??? [Horse 25 ], ???????? [2.8283160845150355]
2024-05-06 10:45:20.406 [DEBUG] [Horse] - ???????? Horse, ??? [Horse 26 ], ???????? [2.8283160845150355]
2024-05-06 10:45:20.406 [DEBUG] [Horse] - ???????? Horse, ??? [Horse 27 ], ???????? [2.8283160845150355]
2024-05-06 10:45:20.406 [DEBUG] [Horse] - ???????? Horse, ??? [Horse 28 ], ???????? [2.8283160845150355]
2024-05-06 10:45:20.406 [DEBUG] [Horse] - ???????? Horse, ??? [Horse 29 ], ???????? [2.8283160845150355]
2024-05-06 10:45:20.406 [DEBUG] [Horse] - ???????? Horse, ??? [Horse 30 ], ???????? [2.8283160845150355]
2024-05-06 10:45:20.406 [DEBUG] [Hippodrome] - ???????? Hippodrome, ??????? [30]
2024-05-06 10:45:21.688 [DEBUG] [Hippodrome] - ???????? Hippodrome, ??????? [50]
2024-05-06 10:45:21.824 [ERROR] [Horse] - Name is blank
2024-05-06 10:45:21.834 [ERROR] [Horse] - Name is blank
2024-05-06 10:45:21.839 [ERROR] [Horse] - Name is blank
2024-05-06 10:45:21.843 [ERROR] [Horse] - Name is blank
2024-05-06 10:45:21.847 [ERROR] [Horse] - Distance is negative
2024-05-06 10:45:21.850 [ERROR] [Horse] - Speed is negative
2024-05-06 10:45:21.852 [DEBUG] [Horse] - ???????? Horse, ??? [Spirit], ???????? [10.0]
2024-05-06 10:45:21.854 [DEBUG] [Horse] - ???????? Horse, ??? [Spirit], ???????? [10.0]
2024-05-06 10:45:21.858 [ERROR] [Horse] - Name is blank
2024-05-06 10:45:21.861 [ERROR] [Horse] - Name is blank
2024-05-06 10:45:21.864 [ERROR] [Horse] - Name is blank
2024-05-06 10:45:21.867 [ERROR] [Horse] - Name is blank
2024-05-06 10:45:21.870 [ERROR] [Horse] - Speed is negative
2024-05-06 10:45:21.880 [DEBUG] [Horse] - ???????? Horse, ??? [Spirit], ???????? [10.0]
2024-05-06 10:45:21.887 [DEBUG] [Horse] - ???????? Horse, ??? [Spirit], ???????? [10.0]
2024-05-06 10:45:21.889 [ERROR] [Horse] - Distance is negative
2024-05-06 10:45:21.891 [ERROR] [Horse] - Name is null
2024-05-06 10:45:21.893 [ERROR] [Horse] - Name is null
2024-05-06 10:45:21.894 [DEBUG] [Horse] - ???????? Horse, ??? [Spirit], ???????? [10.0]
2024-05-06 10:45:21.896 [DEBUG] [Horse] - ???????? Horse, ??? [Spirit], ???????? [10.0]
2024-05-06 10:46:42.254 [ERROR] [Hippodrome] - Horses list is empty
2024-05-06 10:46:42.274 [ERROR] [Hippodrome] - Horses list is null
2024-05-06 10:46:42.285 [DEBUG] [Horse] - ???????? Horse, ??? [Horse 1 ], ???????? [1.8408708816331671]
2024-05-06 10:46:42.285 [DEBUG] [Horse] - ???????? Horse, ??? [Horse 2 ], ???????? [1.8408708816331671]
2024-05-06 10:46:42.285 [DEBUG] [Horse] - ???????? Horse, ??? [Horse 3 ], ???????? [1.8408708816331671]
2024-05-06 10:46:42.285 [DEBUG] [Horse] - ???????? Horse, ??? [Horse 4 ], ???????? [1.8408708816331671]
2024-05-06 10:46:42.285 [DEBUG] [Horse] - ???????? Horse, ??? [Horse 5 ], ???????? [1.8408708816331671]
2024-05-06 10:46:42.285 [DEBUG] [Horse] - ???????? Horse, ??? [Horse 6 ], ???????? [1.8408708816331671]
2024-05-06 10:46:42.286 [DEBUG] [Horse] - ???????? Horse, ??? [Horse 7 ], ???????? [1.8408708816331671]
2024-05-06 10:46:42.286 [DEBUG] [Horse] - ???????? Horse, ??? [Horse 8 ], ???????? [1.8408708816331671]
2024-05-06 10:46:42.286 [DEBUG] [Horse] - ???????? Horse, ??? [Horse 9 ], ???????? [1.8408708816331671]
2024-05-06 10:46:42.286 [DEBUG] [Horse] - ???????? Horse, ??? [Horse 10 ], ???????? [1.8408708816331671]
2024-05-06 10:46:42.286 [DEBUG] [Horse] - ???????? Horse, ??? [Horse 11 ], ???????? [1.8408708816331671]
2024-05-06 10:46:42.286 [DEBUG] [Horse] - ???????? Horse, ??? [Horse 12 ], ???????? [1.8408708816331671]
2024-05-06 10:46:42.286 [DEBUG] [Horse] - ???????? Horse, ??? [Horse 13 ], ???????? [1.8408708816331671]
2024-05-06 10:46:42.286 [DEBUG] [Horse] - ???????? Horse, ??? [Horse 14 ], ???????? [1.8408708816331671]
2024-05-06 10:46:42.287 [DEBUG] [Horse] - ???????? Horse, ??? [Horse 15 ], ???????? [1.8408708816331671]
2024-05-06 10:46:42.287 [DEBUG] [Horse] - ???????? Horse, ??? [Horse 16 ], ???????? [1.8408708816331671]
2024-05-06 10:46:42.287 [DEBUG] [Horse] - ???????? Horse, ??? [Horse 17 ], ???????? [1.8408708816331671]
2024-05-06 10:46:42.287 [DEBUG] [Horse] - ???????? Horse, ??? [Horse 18 ], ???????? [1.8408708816331671]
2024-05-06 10:46:42.287 [DEBUG] [Horse] - ???????? Horse, ??? [Horse 19 ], ???????? [1.8408708816331671]
2024-05-06 10:46:42.287 [DEBUG] [Horse] - ???????? Horse, ??? [Horse 20 ], ???????? [1.8408708816331671]
2024-05-06 10:46:42.287 [DEBUG] [Horse] - ???????? Horse, ??? [Horse 21 ], ???????? [1.8408708816331671]
2024-05-06 10:46:42.287 [DEBUG] [Horse] - ???????? Horse, ??? [Horse 22 ], ???????? [1.8408708816331671]
2024-05-06 10:46:42.287 [DEBUG] [Horse] - ???????? Horse, ??? [Horse 23 ], ???????? [1.8408708816331671]
2024-05-06 10:46:42.287 [DEBUG] [Horse] - ???????? Horse, ??? [Horse 24 ], ???????? [1.8408708816331671]
2024-05-06 10:46:42.287 [DEBUG] [Horse] - ???????? Horse, ??? [Horse 25 ], ???????? [1.8408708816331671]
2024-05-06 10:46:42.288 [DEBUG] [Horse] - ???????? Horse, ??? [Horse 26 ], ???????? [1.8408708816331671]
2024-05-06 10:46:42.288 [DEBUG] [Horse] - ???????? Horse, ??? [Horse 27 ], ???????? [1.8408708816331671]
2024-05-06 10:46:42.288 [DEBUG] [Horse] - ???????? Horse, ??? [Horse 28 ], ???????? [1.8408708816331671]
2024-05-06 10:46:42.288 [DEBUG] [Horse] - ???????? Horse, ??? [Horse 29 ], ???????? [1.8408708816331671]
2024-05-06 10:46:42.288 [DEBUG] [Horse] - ???????? Horse, ??? [Horse 30 ], ???????? [1.8408708816331671]
2024-05-06 10:46:42.291 [DEBUG] [Hippodrome] - ???????? Hippodrome, ??????? [30]
2024-05-06 10:46:42.298 [ERROR] [Hippodrome] - Horses list is empty
2024-05-06 10:46:42.300 [ERROR] [Hippodrome] - Horses list is null
2024-05-06 10:46:42.302 [DEBUG] [Horse] - ???????? Horse, ??? [Horse 1 ], ???????? [1.5153492753792426]
2024-05-06 10:46:42.302 [DEBUG] [Horse] - ???????? Horse, ??? [Horse 2 ], ???????? [1.5153492753792426]
2024-05-06 10:46:42.302 [DEBUG] [Horse] - ???????? Horse, ??? [Horse 3 ], ???????? [1.5153492753792426]
2024-05-06 10:46:42.302 [DEBUG] [Horse] - ???????? Horse, ??? [Horse 4 ], ???????? [1.5153492753792426]
2024-05-06 10:46:42.302 [DEBUG] [Horse] - ???????? Horse, ??? [Horse 5 ], ???????? [1.5153492753792426]
2024-05-06 10:46:42.302 [DEBUG] [Horse] - ???????? Horse, ??? [Horse 6 ], ???????? [1.5153492753792426]
2024-05-06 10:46:42.303 [DEBUG] [Horse] - ???????? Horse, ??? [Horse 7 ], ???????? [1.5153492753792426]
2024-05-06 10:46:42.303 [DEBUG] [Horse] - ???????? Horse, ??? [Horse 8 ], ???????? [1.5153492753792426]
2024-05-06 10:46:42.303 [DEBUG] [Horse] - ???????? Horse, ??? [Horse 9 ], ???????? [1.5153492753792426]
2024-05-06 10:46:42.303 [DEBUG] [Horse] - ???????? Horse, ??? [Horse 10 ], ???????? [1.5153492753792426]
2024-05-06 10:46:42.303 [DEBUG] [Horse] - ???????? Horse, ??? [Horse 11 ], ???????? [1.5153492753792426]
2024-05-06 10:46:42.303 [DEBUG] [Horse] - ???????? Horse, ??? [Horse 12 ], ???????? [1.5153492753792426]
2024-05-06 10:46:42.303 [DEBUG] [Horse] - ???????? Horse, ??? [Horse 13 ], ???????? [1.5153492753792426]
2024-05-06 10:46:42.303 [DEBUG] [Horse] - ???????? Horse, ??? [Horse 14 ], ???????? [1.5153492753792426]
2024-05-06 10:46:42.303 [DEBUG] [Horse] - ???????? Horse, ??? [Horse 15 ], ???????? [1.5153492753792426]
2024-05-06 10:46:42.303 [DEBUG] [Horse] - ???????? Horse, ??? [Horse 16 ], ???????? [1.5153492753792426]
2024-05-06 10:46:42.303 [DEBUG] [Horse] - ???????? Horse, ??? [Horse 17 ], ???????? [1.5153492753792426]
2024-05-06 10:46:42.303 [DEBUG] [Horse] - ???????? Horse, ??? [Horse 18 ], ???????? [1.5153492753792426]
2024-05-06 10:46:42.303 [DEBUG] [Horse] - ???????? Horse, ??? [Horse 19 ], ???????? [1.5153492753792426]
2024-05-06 10:46:42.304 [DEBUG] [Horse] - ???????? Horse, ??? [Horse 20 ], ???????? [1.5153492753792426]
2024-05-06 10:46:42.304 [DEBUG] [Horse] - ???????? Horse, ??? [Horse 21 ], ???????? [1.5153492753792426]
2024-05-06 10:46:42.304 [DEBUG] [Horse] - ???????? Horse, ??? [Horse 22 ], ???????? [1.5153492753792426]
2024-05-06 10:46:42.304 [DEBUG] [Horse] - ???????? Horse, ??? [Horse 23 ], ???????? [1.5153492753792426]
2024-05-06 10:46:42.304 [DEBUG] [Horse] - ???????? Horse, ??? [Horse 24 ], ???????? [1.5153492753792426]
2024-05-06 10:46:42.304 [DEBUG] [Horse] - ???????? Horse, ??? [Horse 25 ], ???????? [1.5153492753792426]
2024-05-06 10:46:42.304 [DEBUG] [Horse] - ???????? Horse, ??? [Horse 26 ], ???????? [1.5153492753792426]
2024-05-06 10:46:42.304 [DEBUG] [Horse] - ???????? Horse, ??? [Horse 27 ], ???????? [1.5153492753792426]
2024-05-06 10:46:42.304 [DEBUG] [Horse] - ???????? Horse, ??? [Horse 28 ], ???????? [1.5153492753792426]
2024-05-06 10:46:42.304 [DEBUG] [Horse] - ???????? Horse, ??? [Horse 29 ], ???????? [1.5153492753792426]
2024-05-06 10:46:42.304 [DEBUG] [Horse] - ???????? Horse, ??? [Horse 30 ], ???????? [1.5153492753792426]
2024-05-06 10:46:42.304 [DEBUG] [Hippodrome] - ???????? Hippodrome, ??????? [30]
2024-05-06 10:46:43.643 [DEBUG] [Hippodrome] - ???????? Hippodrome, ??????? [50]
2024-05-06 10:46:43.788 [ERROR] [Horse] - Name is blank
2024-05-06 10:46:43.798 [ERROR] [Horse] - Name is blank
2024-05-06 10:46:43.801 [ERROR] [Horse] - Name is blank
2024-05-06 10:46:43.804 [ERROR] [Horse] - Name is blank
2024-05-06 10:46:43.808 [ERROR] [Horse] - Distance is negative
2024-05-06 10:46:43.810 [ERROR] [Horse] - Speed is negative
2024-05-06 10:46:43.812 [DEBUG] [Horse] - ???????? Horse, ??? [Spirit], ???????? [10.0]
2024-05-06 10:46:43.814 [DEBUG] [Horse] - ???????? Horse, ??? [Spirit], ???????? [10.0]
2024-05-06 10:46:43.817 [ERROR] [Horse] - Name is blank
2024-05-06 10:46:43.820 [ERROR] [Horse] - Name is blank
2024-05-06 10:46:43.823 [ERROR] [Horse] - Name is blank
2024-05-06 10:46:43.825 [ERROR] [Horse] - Name is blank
2024-05-06 10:46:43.828 [ERROR] [Horse] - Speed is negative
2024-05-06 10:46:43.837 [DEBUG] [Horse] - ???????? Horse, ??? [Spirit], ???????? [10.0]
2024-05-06 10:46:43.845 [DEBUG] [Horse] - ???????? Horse, ??? [Spirit], ???????? [10.0]
2024-05-06 10:46:43.848 [ERROR] [Horse] - Distance is negative
2024-05-06 10:46:43.850 [ERROR] [Horse] - Name is null
2024-05-06 10:46:43.851 [ERROR] [Horse] - Name is null
2024-05-06 10:46:43.853 [DEBUG] [Horse] - ???????? Horse, ??? [Spirit], ???????? [10.0]
2024-05-06 10:46:43.854 [DEBUG] [Horse] - ???????? Horse, ??? [Spirit], ???????? [10.0]
2024-05-06 10:47:13.366 [ERROR] [Hippodrome] - Horses list is empty
2024-05-06 10:47:13.382 [ERROR] [Hippodrome] - Horses list is null
2024-05-06 10:47:13.394 [DEBUG] [Horse] - ???????? Horse, ??? [Horse 1 ], ???????? [1.8534792180032482]
2024-05-06 10:47:13.396 [DEBUG] [Horse] - ???????? Horse, ??? [Horse 2 ], ???????? [1.8534792180032482]
2024-05-06 10:47:13.396 [DEBUG] [Horse] - ???????? Horse, ??? [Horse 3 ], ???????? [1.8534792180032482]
2024-05-06 10:47:13.396 [DEBUG] [Horse] - ???????? Horse, ??? [Horse 4 ], ???????? [1.8534792180032482]
2024-05-06 10:47:13.396 [DEBUG] [Horse] - ???????? Horse, ??? [Horse 5 ], ???????? [1.8534792180032482]
2024-05-06 10:47:13.396 [DEBUG] [Horse] - ???????? Horse, ??? [Horse 6 ], ???????? [1.8534792180032482]
2024-05-06 10:47:13.397 [DEBUG] [Horse] - ???????? Horse, ??? [Horse 7 ], ???????? [1.8534792180032482]
2024-05-06 10:47:13.397 [DEBUG] [Horse] - ???????? Horse, ??? [Horse 8 ], ???????? [1.8534792180032482]
2024-05-06 10:47:13.397 [DEBUG] [Horse] - ???????? Horse, ??? [Horse 9 ], ???????? [1.8534792180032482]
2024-05-06 10:47:13.397 [DEBUG] [Horse] - ???????? Horse, ??? [Horse 10 ], ???????? [1.8534792180032482]
2024-05-06 10:47:13.397 [DEBUG] [Horse] - ???????? Horse, ??? [Horse 11 ], ???????? [1.8534792180032482]
2024-05-06 10:47:13.397 [DEBUG] [Horse] - ???????? Horse, ??? [Horse 12 ], ???????? [1.8534792180032482]
2024-05-06 10:47:13.398 [DEBUG] [Horse] - ???????? Horse, ??? [Horse 13 ], ???????? [1.8534792180032482]
2024-05-06 10:47:13.398 [DEBUG] [Horse] - ???????? Horse, ??? [Horse 14 ], ???????? [1.8534792180032482]
2024-05-06 10:47:13.398 [DEBUG] [Horse] - ???????? Horse, ??? [Horse 15 ], ???????? [1.8534792180032482]
2024-05-06 10:47:13.398 [DEBUG] [Horse] - ???????? Horse, ??? [Horse 16 ], ???????? [1.8534792180032482]
2024-05-06 10:47:13.398 [DEBUG] [Horse] - ???????? Horse, ??? [Horse 17 ], ???????? [1.8534792180032482]
2024-05-06 10:47:13.398 [DEBUG] [Horse] - ???????? Horse, ??? [Horse 18 ], ???????? [1.8534792180032482]
2024-05-06 10:47:13.398 [DEBUG] [Horse] - ???????? Horse, ??? [Horse 19 ], ???????? [1.8534792180032482]
2024-05-06 10:47:13.398 [DEBUG] [Horse] - ???????? Horse, ??? [Horse 20 ], ???????? [1.8534792180032482]
2024-05-06 10:47:13.399 [DEBUG] [Horse] - ???????? Horse, ??? [Horse 21 ], ???????? [1.8534792180032482]
2024-05-06 10:47:13.399 [DEBUG] [Horse] - ???????? Horse, ??? [Horse 22 ], ???????? [1.8534792180032482]
2024-05-06 10:47:13.399 [DEBUG] [Horse] - ???????? Horse, ??? [Horse 23 ], ???????? [1.8534792180032482]
2024-05-06 10:47:13.399 [DEBUG] [Horse] - ???????? Horse, ??? [Horse 24 ], ???????? [1.8534792180032482]
2024-05-06 10:47:13.399 [DEBUG] [Horse] - ???????? Horse, ??? [Horse 25 ], ???????? [1.8534792180032482]
2024-05-06 10:47:13.399 [DEBUG] [Horse] - ???????? Horse, ??? [Horse 26 ], ???????? [1.8534792180032482]
2024-05-06 10:47:13.399 [DEBUG] [Horse] - ???????? Horse, ??? [Horse 27 ], ???????? [1.8534792180032482]
2024-05-06 10:47:13.399 [DEBUG] [Horse] - ???????? Horse, ??? [Horse 28 ], ???????? [1.8534792180032482]
2024-05-06 10:47:13.400 [DEBUG] [Horse] - ???????? Horse, ??? [Horse 29 ], ???????? [1.8534792180032482]
2024-05-06 10:47:13.400 [DEBUG] [Horse] - ???????? Horse, ??? [Horse 30 ], ???????? [1.8534792180032482]
2024-05-06 10:47:13.403 [DEBUG] [Hippodrome] - ???????? Hippodrome, ??????? [30]
2024-05-06 10:47:13.409 [ERROR] [Hippodrome] - Horses list is empty
2024-05-06 10:47:13.412 [ERROR] [Hippodrome] - Horses list is null
2024-05-06 10:47:13.414 [DEBUG] [Horse] - ???????? Horse, ??? [Horse 1 ], ???????? [2.564848548415592]
2024-05-06 10:47:13.415 [DEBUG] [Horse] - ???????? Horse, ??? [Horse 2 ], ???????? [2.564848548415592]
2024-05-06 10:47:13.415 [DEBUG] [Horse] - ???????? Horse, ??? [Horse 3 ], ???????? [2.564848548415592]
2024-05-06 10:47:13.415 [DEBUG] [Horse] - ???????? Horse, ??? [Horse 4 ], ???????? [2.564848548415592]
2024-05-06 10:47:13.415 [DEBUG] [Horse] - ???????? Horse, ??? [Horse 5 ], ???????? [2.564848548415592]
2024-05-06 10:47:13.415 [DEBUG] [Horse] - ???????? Horse, ??? [Horse 6 ], ???????? [2.564848548415592]
2024-05-06 10:47:13.415 [DEBUG] [Horse] - ???????? Horse, ??? [Horse 7 ], ???????? [2.564848548415592]
2024-05-06 10:47:13.415 [DEBUG] [Horse] - ???????? Horse, ??? [Horse 8 ], ???????? [2.564848548415592]
2024-05-06 10:47:13.415 [DEBUG] [Horse] - ???????? Horse, ??? [Horse 9 ], ???????? [2.564848548415592]
2024-05-06 10:47:13.415 [DEBUG] [Horse] - ???????? Horse, ??? [Horse 10 ], ???????? [2.564848548415592]
2024-05-06 10:47:13.415 [DEBUG] [Horse] - ???????? Horse, ??? [Horse 11 ], ???????? [2.564848548415592]
2024-05-06 10:47:13.416 [DEBUG] [Horse] - ???????? Horse, ??? [Horse 12 ], ???????? [2.564848548415592]
2024-05-06 10:47:13.416 [DEBUG] [Horse] - ???????? Horse, ??? [Horse 13 ], ???????? [2.564848548415592]
2024-05-06 10:47:13.416 [DEBUG] [Horse] - ???????? Horse, ??? [Horse 14 ], ???????? [2.564848548415592]
2024-05-06 10:47:13.416 [DEBUG] [Horse] - ???????? Horse, ??? [Horse 15 ], ???????? [2.564848548415592]
2024-05-06 10:47:13.416 [DEBUG] [Horse] - ???????? Horse, ??? [Horse 16 ], ???????? [2.564848548415592]
2024-05-06 10:47:13.416 [DEBUG] [Horse] - ???????? Horse, ??? [Horse 17 ], ???????? [2.564848548415592]
2024-05-06 10:47:13.416 [DEBUG] [Horse] - ???????? Horse, ??? [Horse 18 ], ???????? [2.564848548415592]
2024-05-06 10:47:13.416 [DEBUG] [Horse] - ???????? Horse, ??? [Horse 19 ], ???????? [2.564848548415592]
2024-05-06 10:47:13.416 [DEBUG] [Horse] - ???????? Horse, ??? [Horse 20 ], ???????? [2.564848548415592]
2024-05-06 10:47:13.416 [DEBUG] [Horse] - ???????? Horse, ??? [Horse 21 ], ???????? [2.564848548415592]
2024-05-06 10:47:13.416 [DEBUG] [Horse] - ???????? Horse, ??? [Horse 22 ], ???????? [2.564848548415592]
2024-05-06 10:47:13.416 [DEBUG] [Horse] - ???????? Horse, ??? [Horse 23 ], ???????? [2.564848548415592]
2024-05-06 10:47:13.416 [DEBUG] [Horse] - ???????? Horse, ??? [Horse 24 ], ???????? [2.564848548415592]
2024-05-06 10:47:13.417 [DEBUG] [Horse] - ???????? Horse, ??? [Horse 25 ], ???????? [2.564848548415592]
2024-05-06 10:47:13.417 [DEBUG] [Horse] - ???????? Horse, ??? [Horse 26 ], ???????? [2.564848548415592]
2024-05-06 10:47:13.417 [DEBUG] [Horse] - ???????? Horse, ??? [Horse 27 ], ???????? [2.564848548415592]
2024-05-06 10:47:13.417 [DEBUG] [Horse] - ???????? Horse, ??? [Horse 28 ], ???????? [2.564848548415592]
2024-05-06 10:47:13.417 [DEBUG] [Horse] - ???????? Horse, ??? [Horse 29 ], ???????? [2.564848548415592]
2024-05-06 10:47:13.417 [DEBUG] [Horse] - ???????? Horse, ??? [Horse 30 ], ???????? [2.564848548415592]
2024-05-06 10:47:13.417 [DEBUG] [Hippodrome] - ???????? Hippodrome, ??????? [30]
2024-05-06 10:47:14.664 [DEBUG] [Hippodrome] - ???????? Hippodrome, ??????? [50]
2024-05-06 10:47:14.817 [ERROR] [Horse] - Name is blank
2024-05-06 10:47:14.829 [ERROR] [Horse] - Name is blank
2024-05-06 10:47:14.832 [ERROR] [Horse] - Name is blank
2024-05-06 10:47:14.835 [ERROR] [Horse] - Name is blank
2024-05-06 10:47:14.838 [ERROR] [Horse] - Distance is negative
2024-05-06 10:47:14.842 [ERROR] [Horse] - Speed is negative
2024-05-06 10:47:14.844 [DEBUG] [Horse] - ???????? Horse, ??? [Spirit], ???????? [10.0]
2024-05-06 10:47:14.846 [DEBUG] [Horse] - ???????? Horse, ??? [Spirit], ???????? [10.0]
2024-05-06 10:47:14.851 [ERROR] [Horse] - Name is blank
2024-05-06 10:47:14.855 [ERROR] [Horse] - Name is blank
2024-05-06 10:47:14.857 [ERROR] [Horse] - Name is blank
2024-05-06 10:47:14.859 [ERROR] [Horse] - Name is blank
2024-05-06 10:47:14.862 [ERROR] [Horse] - Speed is negative
2024-05-06 10:47:14.870 [DEBUG] [Horse] - ???????? Horse, ??? [Spirit], ???????? [10.0]
2024-05-06 10:47:14.875 [DEBUG] [Horse] - ???????? Horse, ??? [Spirit], ???????? [10.0]
2024-05-06 10:47:14.878 [ERROR] [Horse] - Distance is negative
2024-05-06 10:47:14.880 [ERROR] [Horse] - Name is null
2024-05-06 10:47:14.882 [ERROR] [Horse] - Name is null
2024-05-06 10:47:14.884 [DEBUG] [Horse] - ???????? Horse, ??? [Spirit], ???????? [10.0]
2024-05-06 10:47:14.887 [DEBUG] [Horse] - ???????? Horse, ??? [Spirit], ???????? [10.0]
2024-05-06 10:47:47.015 [ERROR] [Hippodrome] - Horses list is empty
2024-05-06 10:47:47.030 [ERROR] [Hippodrome] - Horses list is null
2024-05-06 10:47:47.045 [DEBUG] [Horse] - ???????? Horse, ??? [Horse 1 ], ???????? [2.811674288521639]
2024-05-06 10:47:47.045 [DEBUG] [Horse] - ???????? Horse, ??? [Horse 2 ], ???????? [2.811674288521639]
2024-05-06 10:47:47.045 [DEBUG] [Horse] - ???????? Horse, ??? [Horse 3 ], ???????? [2.811674288521639]
2024-05-06 10:47:47.045 [DEBUG] [Horse] - ???????? Horse, ??? [Horse 4 ], ???????? [2.811674288521639]
2024-05-06 10:47:47.045 [DEBUG] [Horse] - ???????? Horse, ??? [Horse 5 ], ???????? [2.811674288521639]
2024-05-06 10:47:47.046 [DEBUG] [Horse] - ???????? Horse, ??? [Horse 6 ], ???????? [2.811674288521639]
2024-05-06 10:47:47.046 [DEBUG] [Horse] - ???????? Horse, ??? [Horse 7 ], ???????? [2.811674288521639]
2024-05-06 10:47:47.046 [DEBUG] [Horse] - ???????? Horse, ??? [Horse 8 ], ???????? [2.811674288521639]
2024-05-06 10:47:47.046 [DEBUG] [Horse] - ???????? Horse, ??? [Horse 9 ], ???????? [2.811674288521639]
2024-05-06 10:47:47.046 [DEBUG] [Horse] - ???????? Horse, ??? [Horse 10 ], ???????? [2.811674288521639]
2024-05-06 10:47:47.046 [DEBUG] [Horse] - ???????? Horse, ??? [Horse 11 ], ???????? [2.811674288521639]
2024-05-06 10:47:47.046 [DEBUG] [Horse] - ???????? Horse, ??? [Horse 12 ], ???????? [2.811674288521639]
2024-05-06 10:47:47.046 [DEBUG] [Horse] - ???????? Horse, ??? [Horse 13 ], ???????? [2.811674288521639]
2024-05-06 10:47:47.047 [DEBUG] [Horse] - ???????? Horse, ??? [Horse 14 ], ???????? [2.811674288521639]
2024-05-06 10:47:47.047 [DEBUG] [Horse] - ???????? Horse, ??? [Horse 15 ], ???????? [2.811674288521639]
2024-05-06 10:47:47.047 [DEBUG] [Horse] - ???????? Horse, ??? [Horse 16 ], ???????? [2.811674288521639]
2024-05-06 10:47:47.047 [DEBUG] [Horse] - ???????? Horse, ??? [Horse 17 ], ???????? [2.811674288521639]
2024-05-06 10:47:47.047 [DEBUG] [Horse] - ???????? Horse, ??? [Horse 18 ], ???????? [2.811674288521639]
2024-05-06 10:47:47.047 [DEBUG] [Horse] - ???????? Horse, ??? [Horse 19 ], ???????? [2.811674288521639]
2024-05-06 10:47:47.047 [DEBUG] [Horse] - ???????? Horse, ??? [Horse 20 ], ???????? [2.811674288521639]
2024-05-06 10:47:47.047 [DEBUG] [Horse] - ???????? Horse, ??? [Horse 21 ], ???????? [2.811674288521639]
2024-05-06 10:47:47.047 [DEBUG] [Horse] - ???????? Horse, ??? [Horse 22 ], ???????? [2.811674288521639]
2024-05-06 10:47:47.048 [DEBUG] [Horse] - ???????? Horse, ??? [Horse 23 ], ???????? [2.811674288521639]
2024-05-06 10:47:47.048 [DEBUG] [Horse] - ???????? Horse, ??? [Horse 24 ], ???????? [2.811674288521639]
2024-05-06 10:47:47.048 [DEBUG] [Horse] - ???????? Horse, ??? [Horse 25 ], ???????? [2.811674288521639]
2024-05-06 10:47:47.048 [DEBUG] [Horse] - ???????? Horse, ??? [Horse 26 ], ???????? [2.811674288521639]
2024-05-06 10:47:47.048 [DEBUG] [Horse] - ???????? Horse, ??? [Horse 27 ], ???????? [2.811674288521639]
2024-05-06 10:47:47.048 [DEBUG] [Horse] - ???????? Horse, ??? [Horse 28 ], ???????? [2.811674288521639]
2024-05-06 10:47:47.048 [DEBUG] [Horse] - ???????? Horse, ??? [Horse 29 ], ???????? [2.811674288521639]
2024-05-06 10:47:47.048 [DEBUG] [Horse] - ???????? Horse, ??? [Horse 30 ], ???????? [2.811674288521639]
2024-05-06 10:47:47.051 [DEBUG] [Hippodrome] - ???????? Hippodrome, ??????? [30]
2024-05-06 10:47:47.057 [ERROR] [Hippodrome] - Horses list is empty
2024-05-06 10:47:47.059 [ERROR] [Hippodrome] - Horses list is null
2024-05-06 10:47:47.061 [DEBUG] [Horse] - ???????? Horse, ??? [Horse 1 ], ???????? [1.8611486618967796]
2024-05-06 10:47:47.061 [DEBUG] [Horse] - ???????? Horse, ??? [Horse 2 ], ???????? [1.8611486618967796]
2024-05-06 10:47:47.061 [DEBUG] [Horse] - ???????? Horse, ??? [Horse 3 ], ???????? [1.8611486618967796]
2024-05-06 10:47:47.061 [DEBUG] [Horse] - ???????? Horse, ??? [Horse 4 ], ???????? [1.8611486618967796]
2024-05-06 10:47:47.061 [DEBUG] [Horse] - ???????? Horse, ??? [Horse 5 ], ???????? [1.8611486618967796]
2024-05-06 10:47:47.061 [DEBUG] [Horse] - ???????? Horse, ??? [Horse 6 ], ???????? [1.8611486618967796]
2024-05-06 10:47:47.062 [DEBUG] [Horse] - ???????? Horse, ??? [Horse 7 ], ???????? [1.8611486618967796]
2024-05-06 10:47:47.062 [DEBUG] [Horse] - ???????? Horse, ??? [Horse 8 ], ???????? [1.8611486618967796]
2024-05-06 10:47:47.062 [DEBUG] [Horse] - ???????? Horse, ??? [Horse 9 ], ???????? [1.8611486618967796]
2024-05-06 10:47:47.062 [DEBUG] [Horse] - ???????? Horse, ??? [Horse 10 ], ???????? [1.8611486618967796]
2024-05-06 10:47:47.062 [DEBUG] [Horse] - ???????? Horse, ??? [Horse 11 ], ???????? [1.8611486618967796]
2024-05-06 10:47:47.062 [DEBUG] [Horse] - ???????? Horse, ??? [Horse 12 ], ???????? [1.8611486618967796]
2024-05-06 10:47:47.062 [DEBUG] [Horse] - ???????? Horse, ??? [Horse 13 ], ???????? [1.8611486618967796]
2024-05-06 10:47:47.062 [DEBUG] [Horse] - ???????? Horse, ??? [Horse 14 ], ???????? [1.8611486618967796]
2024-05-06 10:47:47.062 [DEBUG] [Horse] - ???????? Horse, ??? [Horse 15 ], ???????? [1.8611486618967796]
2024-05-06 10:47:47.062 [DEBUG] [Horse] - ???????? Horse, ??? [Horse 16 ], ???????? [1.8611486618967796]
2024-05-06 10:47:47.062 [DEBUG] [Horse] - ???????? Horse, ??? [Horse 17 ], ???????? [1.8611486618967796]
2024-05-06 10:47:47.063 [DEBUG] [Horse] - ???????? Horse, ??? [Horse 18 ], ???????? [1.8611486618967796]
2024-05-06 10:47:47.063 [DEBUG] [Horse] - ???????? Horse, ??? [Horse 19 ], ???????? [1.8611486618967796]
2024-05-06 10:47:47.063 [DEBUG] [Horse] - ???????? Horse, ??? [Horse 20 ], ???????? [1.8611486618967796]
2024-05-06 10:47:47.063 [DEBUG] [Horse] - ???????? Horse, ??? [Horse 21 ], ???????? [1.8611486618967796]
2024-05-06 10:47:47.063 [DEBUG] [Horse] - ???????? Horse, ??? [Horse 22 ], ???????? [1.8611486618967796]
2024-05-06 10:47:47.063 [DEBUG] [Horse] - ???????? Horse, ??? [Horse 23 ], ???????? [1.8611486618967796]
2024-05-06 10:47:47.063 [DEBUG] [Horse] - ???????? Horse, ??? [Horse 24 ], ???????? [1.8611486618967796]
2024-05-06 10:47:47.063 [DEBUG] [Horse] - ???????? Horse, ??? [Horse 25 ], ???????? [1.8611486618967796]
2024-05-06 10:47:47.063 [DEBUG] [Horse] - ???????? Horse, ??? [Horse 26 ], ???????? [1.8611486618967796]
2024-05-06 10:47:47.063 [DEBUG] [Horse] - ???????? Horse, ??? [Horse 27 ], ???????? [1.8611486618967796]
2024-05-06 10:47:47.063 [DEBUG] [Horse] - ???????? Horse, ??? [Horse 28 ], ???????? [1.8611486618967796]
2024-05-06 10:47:47.063 [DEBUG] [Horse] - ???????? Horse, ??? [Horse 29 ], ???????? [1.8611486618967796]
2024-05-06 10:47:47.063 [DEBUG] [Horse] - ???????? Horse, ??? [Horse 30 ], ???????? [1.8611486618967796]
2024-05-06 10:47:47.064 [DEBUG] [Hippodrome] - ???????? Hippodrome, ??????? [30]
2024-05-06 10:47:48.330 [DEBUG] [Hippodrome] - ???????? Hippodrome, ??????? [50]
2024-05-06 10:47:48.476 [ERROR] [Horse] - Name is blank
2024-05-06 10:47:48.486 [ERROR] [Horse] - Name is blank
2024-05-06 10:47:48.490 [ERROR] [Horse] - Name is blank
2024-05-06 10:47:48.495 [ERROR] [Horse] - Name is blank
2024-05-06 10:47:48.499 [ERROR] [Horse] - Distance is negative
2024-05-06 10:47:48.502 [ERROR] [Horse] - Speed is negative
2024-05-06 10:47:48.504 [DEBUG] [Horse] - ???????? Horse, ??? [Spirit], ???????? [10.0]
2024-05-06 10:47:48.506 [DEBUG] [Horse] - ???????? Horse, ??? [Spirit], ???????? [10.0]
2024-05-06 10:47:48.510 [ERROR] [Horse] - Name is blank
2024-05-06 10:47:48.513 [ERROR] [Horse] - Name is blank
2024-05-06 10:47:48.515 [ERROR] [Horse] - Name is blank
2024-05-06 10:47:48.518 [ERROR] [Horse] - Name is blank
2024-05-06 10:47:48.521 [ERROR] [Horse] - Speed is negative
2024-05-06 10:47:48.529 [DEBUG] [Horse] - ???????? Horse, ??? [Spirit], ???????? [10.0]
2024-05-06 10:47:48.536 [DEBUG] [Horse] - ???????? Horse, ??? [Spirit], ???????? [10.0]
2024-05-06 10:47:48.539 [ERROR] [Horse] - Distance is negative
2024-05-06 10:47:48.542 [ERROR] [Horse] - Name is null
2024-05-06 10:47:48.544 [ERROR] [Horse] - Name is null
2024-05-06 10:47:48.547 [DEBUG] [Horse] - ???????? Horse, ??? [Spirit], ???????? [10.0]
2024-05-06 10:47:48.549 [DEBUG] [Horse] - ???????? Horse, ??? [Spirit], ???????? [10.0]
2024-05-06 10:48:46.741 [ERROR] [Hippodrome] - Horses list is empty
2024-05-06 10:48:46.759 [ERROR] [Hippodrome] - Horses list is null
2024-05-06 10:48:46.773 [DEBUG] [Horse] - ???????? Horse, ??? [Horse 1 ], ???????? [1.2941017350276642]
2024-05-06 10:48:46.773 [DEBUG] [Horse] - ???????? Horse, ??? [Horse 2 ], ???????? [1.2941017350276642]
2024-05-06 10:48:46.773 [DEBUG] [Horse] - ???????? Horse, ??? [Horse 3 ], ???????? [1.2941017350276642]
2024-05-06 10:48:46.773 [DEBUG] [Horse] - ???????? Horse, ??? [Horse 4 ], ???????? [1.2941017350276642]
2024-05-06 10:48:46.773 [DEBUG] [Horse] - ???????? Horse, ??? [Horse 5 ], ???????? [1.2941017350276642]
2024-05-06 10:48:46.774 [DEBUG] [Horse] - ???????? Horse, ??? [Horse 6 ], ???????? [1.2941017350276642]
2024-05-06 10:48:46.774 [DEBUG] [Horse] - ???????? Horse, ??? [Horse 7 ], ???????? [1.2941017350276642]
2024-05-06 10:48:46.774 [DEBUG] [Horse] - ???????? Horse, ??? [Horse 8 ], ???????? [1.2941017350276642]
2024-05-06 10:48:46.774 [DEBUG] [Horse] - ???????? Horse, ??? [Horse 9 ], ???????? [1.2941017350276642]
2024-05-06 10:48:46.774 [DEBUG] [Horse] - ???????? Horse, ??? [Horse 10 ], ???????? [1.2941017350276642]
2024-05-06 10:48:46.774 [DEBUG] [Horse] - ???????? Horse, ??? [Horse 11 ], ???????? [1.2941017350276642]
2024-05-06 10:48:46.774 [DEBUG] [Horse] - ???????? Horse, ??? [Horse 12 ], ???????? [1.2941017350276642]
2024-05-06 10:48:46.774 [DEBUG] [Horse] - ???????? Horse, ??? [Horse 13 ], ???????? [1.2941017350276642]
2024-05-06 10:48:46.775 [DEBUG] [Horse] - ???????? Horse, ??? [Horse 14 ], ???????? [1.2941017350276642]
2024-05-06 10:48:46.775 [DEBUG] [Horse] - ???????? Horse, ??? [Horse 15 ], ???????? [1.2941017350276642]
2024-05-06 10:48:46.775 [DEBUG] [Horse] - ???????? Horse, ??? [Horse 16 ], ???????? [1.2941017350276642]
2024-05-06 10:48:46.775 [DEBUG] [Horse] - ???????? Horse, ??? [Horse 17 ], ???????? [1.2941017350276642]
2024-05-06 10:48:46.775 [DEBUG] [Horse] - ???????? Horse, ??? [Horse 18 ], ???????? [1.2941017350276642]
2024-05-06 10:48:46.775 [DEBUG] [Horse] - ???????? Horse, ??? [Horse 19 ], ???????? [1.2941017350276642]
2024-05-06 10:48:46.775 [DEBUG] [Horse] - ???????? Horse, ??? [Horse 20 ], ???????? [1.2941017350276642]
2024-05-06 10:48:46.775 [DEBUG] [Horse] - ???????? Horse, ??? [Horse 21 ], ???????? [1.2941017350276642]
2024-05-06 10:48:46.775 [DEBUG] [Horse] - ???????? Horse, ??? [Horse 22 ], ???????? [1.2941017350276642]
2024-05-06 10:48:46.775 [DEBUG] [Horse] - ???????? Horse, ??? [Horse 23 ], ???????? [1.2941017350276642]
2024-05-06 10:48:46.776 [DEBUG] [Horse] - ???????? Horse, ??? [Horse 24 ], ???????? [1.2941017350276642]
2024-05-06 10:48:46.776 [DEBUG] [Horse] - ???????? Horse, ??? [Horse 25 ], ???????? [1.2941017350276642]
2024-05-06 10:48:46.776 [DEBUG] [Horse] - ???????? Horse, ??? [Horse 26 ], ???????? [1.2941017350276642]
2024-05-06 10:48:46.776 [DEBUG] [Horse] - ???????? Horse, ??? [Horse 27 ], ???????? [1.2941017350276642]
2024-05-06 10:48:46.776 [DEBUG] [Horse] - ???????? Horse, ??? [Horse 28 ], ???????? [1.2941017350276642]
2024-05-06 10:48:46.776 [DEBUG] [Horse] - ???????? Horse, ??? [Horse 29 ], ???????? [1.2941017350276642]
2024-05-06 10:48:46.776 [DEBUG] [Horse] - ???????? Horse, ??? [Horse 30 ], ???????? [1.2941017350276642]
2024-05-06 10:48:46.779 [DEBUG] [Hippodrome] - ???????? Hippodrome, ??????? [30]
2024-05-06 10:48:46.787 [ERROR] [Hippodrome] - Horses list is empty
2024-05-06 10:48:46.789 [ERROR] [Hippodrome] - Horses list is null
2024-05-06 10:48:46.791 [DEBUG] [Horse] - ???????? Horse, ??? [Horse 1 ], ???????? [1.4945602047689834]
2024-05-06 10:48:46.791 [DEBUG] [Horse] - ???????? Horse, ??? [Horse 2 ], ???????? [1.4945602047689834]
2024-05-06 10:48:46.792 [DEBUG] [Horse] - ???????? Horse, ??? [Horse 3 ], ???????? [1.4945602047689834]
2024-05-06 10:48:46.792 [DEBUG] [Horse] - ???????? Horse, ??? [Horse 4 ], ???????? [1.4945602047689834]
2024-05-06 10:48:46.792 [DEBUG] [Horse] - ???????? Horse, ??? [Horse 5 ], ???????? [1.4945602047689834]
2024-05-06 10:48:46.792 [DEBUG] [Horse] - ???????? Horse, ??? [Horse 6 ], ???????? [1.4945602047689834]
2024-05-06 10:48:46.792 [DEBUG] [Horse] - ???????? Horse, ??? [Horse 7 ], ???????? [1.4945602047689834]
2024-05-06 10:48:46.792 [DEBUG] [Horse] - ???????? Horse, ??? [Horse 8 ], ???????? [1.4945602047689834]
2024-05-06 10:48:46.792 [DEBUG] [Horse] - ???????? Horse, ??? [Horse 9 ], ???????? [1.4945602047689834]
2024-05-06 10:48:46.792 [DEBUG] [Horse] - ???????? Horse, ??? [Horse 10 ], ???????? [1.4945602047689834]
2024-05-06 10:48:46.792 [DEBUG] [Horse] - ???????? Horse, ??? [Horse 11 ], ???????? [1.4945602047689834]
2024-05-06 10:48:46.792 [DEBUG] [Horse] - ???????? Horse, ??? [Horse 12 ], ???????? [1.4945602047689834]
2024-05-06 10:48:46.792 [DEBUG] [Horse] - ???????? Horse, ??? [Horse 13 ], ???????? [1.4945602047689834]
2024-05-06 10:48:46.793 [DEBUG] [Horse] - ???????? Horse, ??? [Horse 14 ], ???????? [1.4945602047689834]
2024-05-06 10:48:46.793 [DEBUG] [Horse] - ???????? Horse, ??? [Horse 15 ], ???????? [1.4945602047689834]
2024-05-06 10:48:46.793 [DEBUG] [Horse] - ???????? Horse, ??? [Horse 16 ], ???????? [1.4945602047689834]
2024-05-06 10:48:46.793 [DEBUG] [Horse] - ???????? Horse, ??? [Horse 17 ], ???????? [1.4945602047689834]
2024-05-06 10:48:46.793 [DEBUG] [Horse] - ???????? Horse, ??? [Horse 18 ], ???????? [1.4945602047689834]
2024-05-06 10:48:46.793 [DEBUG] [Horse] - ???????? Horse, ??? [Horse 19 ], ???????? [1.4945602047689834]
2024-05-06 10:48:46.793 [DEBUG] [Horse] - ???????? Horse, ??? [Horse 20 ], ???????? [1.4945602047689834]
2024-05-06 10:48:46.793 [DEBUG] [Horse] - ???????? Horse, ??? [Horse 21 ], ???????? [1.4945602047689834]
2024-05-06 10:48:46.793 [DEBUG] [Horse] - ???????? Horse, ??? [Horse 22 ], ???????? [1.4945602047689834]
2024-05-06 10:48:46.793 [DEBUG] [Horse] - ???????? Horse, ??? [Horse 23 ], ???????? [1.4945602047689834]
2024-05-06 10:48:46.793 [DEBUG] [Horse] - ???????? Horse, ??? [Horse 24 ], ???????? [1.4945602047689834]
2024-05-06 10:48:46.793 [DEBUG] [Horse] - ???????? Horse, ??? [Horse 25 ], ???????? [1.4945602047689834]
2024-05-06 10:48:46.793 [DEBUG] [Horse] - ???????? Horse, ??? [Horse 26 ], ???????? [1.4945602047689834]
2024-05-06 10:48:46.794 [DEBUG] [Horse] - ???????? Horse, ??? [Horse 27 ], ???????? [1.4945602047689834]
2024-05-06 10:48:46.794 [DEBUG] [Horse] - ???????? Horse, ??? [Horse 28 ], ???????? [1.4945602047689834]
2024-05-06 10:48:46.794 [DEBUG] [Horse] - ???????? Horse, ??? [Horse 29 ], ???????? [1.4945602047689834]
2024-05-06 10:48:46.794 [DEBUG] [Horse] - ???????? Horse, ??? [Horse 30 ], ???????? [1.4945602047689834]
2024-05-06 10:48:46.794 [DEBUG] [Hippodrome] - ???????? Hippodrome, ??????? [30]
2024-05-06 10:48:48.035 [DEBUG] [Hippodrome] - ???????? Hippodrome, ??????? [50]
2024-05-06 10:48:48.180 [ERROR] [Horse] - Name is blank
2024-05-06 10:48:48.193 [ERROR] [Horse] - Name is blank
2024-05-06 10:48:48.197 [ERROR] [Horse] - Name is blank
2024-05-06 10:48:48.200 [ERROR] [Horse] - Name is blank
2024-05-06 10:48:48.204 [ERROR] [Horse] - Distance is negative
2024-05-06 10:48:48.206 [ERROR] [Horse] - Speed is negative
2024-05-06 10:48:48.209 [DEBUG] [Horse] - ???????? Horse, ??? [Spirit], ???????? [10.0]
2024-05-06 10:48:48.211 [DEBUG] [Horse] - ???????? Horse, ??? [Spirit], ???????? [10.0]
2024-05-06 10:48:48.215 [ERROR] [Horse] - Name is blank
2024-05-06 10:48:48.217 [ERROR] [Horse] - Name is blank
2024-05-06 10:48:48.220 [ERROR] [Horse] - Name is blank
2024-05-06 10:48:48.222 [ERROR] [Horse] - Name is blank
2024-05-06 10:48:48.224 [ERROR] [Horse] - Speed is negative
2024-05-06 10:48:48.231 [DEBUG] [Horse] - ???????? Horse, ??? [Spirit], ???????? [10.0]
2024-05-06 10:48:48.237 [DEBUG] [Horse] - ???????? Horse, ??? [Spirit], ???????? [10.0]
2024-05-06 10:48:48.239 [ERROR] [Horse] - Distance is negative
2024-05-06 10:48:48.241 [ERROR] [Horse] - Name is null
2024-05-06 10:48:48.243 [ERROR] [Horse] - Name is null
2024-05-06 10:48:48.244 [DEBUG] [Horse] - ???????? Horse, ??? [Spirit], ???????? [10.0]
2024-05-06 10:48:48.246 [DEBUG] [Horse] - ???????? Horse, ??? [Spirit], ???????? [10.0]
2024-05-06 13:12:30.907 [ERROR] [Hippodrome] - Horses list is empty
2024-05-06 13:12:30.922 [ERROR] [Hippodrome] - Horses list is null
2024-05-06 13:12:30.946 [DEBUG] [Horse] - ???????? Horse, ??? [Horse 1 ], ???????? [0.8754159781839782]
2024-05-06 13:12:30.946 [DEBUG] [Horse] - ???????? Horse, ??? [Horse 2 ], ???????? [0.8754159781839782]
2024-05-06 13:12:30.946 [DEBUG] [Horse] - ???????? Horse, ??? [Horse 3 ], ???????? [0.8754159781839782]
2024-05-06 13:12:30.946 [DEBUG] [Horse] - ???????? Horse, ??? [Horse 4 ], ???????? [0.8754159781839782]
2024-05-06 13:12:30.947 [DEBUG] [Horse] - ???????? Horse, ??? [Horse 5 ], ???????? [0.8754159781839782]
2024-05-06 13:12:30.947 [DEBUG] [Horse] - ???????? Horse, ??? [Horse 6 ], ???????? [0.8754159781839782]
2024-05-06 13:12:30.947 [DEBUG] [Horse] - ???????? Horse, ??? [Horse 7 ], ???????? [0.8754159781839782]
2024-05-06 13:12:30.947 [DEBUG] [Horse] - ???????? Horse, ??? [Horse 8 ], ???????? [0.8754159781839782]
2024-05-06 13:12:30.947 [DEBUG] [Horse] - ???????? Horse, ??? [Horse 9 ], ???????? [0.8754159781839782]
2024-05-06 13:12:30.947 [DEBUG] [Horse] - ???????? Horse, ??? [Horse 10 ], ???????? [0.8754159781839782]
2024-05-06 13:12:30.947 [DEBUG] [Horse] - ???????? Horse, ??? [Horse 11 ], ???????? [0.8754159781839782]
2024-05-06 13:12:30.947 [DEBUG] [Horse] - ???????? Horse, ??? [Horse 12 ], ???????? [0.8754159781839782]
2024-05-06 13:12:30.948 [DEBUG] [Horse] - ???????? Horse, ??? [Horse 13 ], ???????? [0.8754159781839782]
2024-05-06 13:12:30.948 [DEBUG] [Horse] - ???????? Horse, ??? [Horse 14 ], ???????? [0.8754159781839782]
2024-05-06 13:12:30.948 [DEBUG] [Horse] - ???????? Horse, ??? [Horse 15 ], ???????? [0.8754159781839782]
2024-05-06 13:12:30.948 [DEBUG] [Horse] - ???????? Horse, ??? [Horse 16 ], ???????? [0.8754159781839782]
2024-05-06 13:12:30.948 [DEBUG] [Horse] - ???????? Horse, ??? [Horse 17 ], ???????? [0.8754159781839782]
2024-05-06 13:12:30.948 [DEBUG] [Horse] - ???????? Horse, ??? [Horse 18 ], ???????? [0.8754159781839782]
2024-05-06 13:12:30.948 [DEBUG] [Horse] - ???????? Horse, ??? [Horse 19 ], ???????? [0.8754159781839782]
2024-05-06 13:12:30.948 [DEBUG] [Horse] - ???????? Horse, ??? [Horse 20 ], ???????? [0.8754159781839782]
2024-05-06 13:12:30.948 [DEBUG] [Horse] - ???????? Horse, ??? [Horse 21 ], ???????? [0.8754159781839782]
2024-05-06 13:12:30.949 [DEBUG] [Horse] - ???????? Horse, ??? [Horse 22 ], ???????? [0.8754159781839782]
2024-05-06 13:12:30.949 [DEBUG] [Horse] - ???????? Horse, ??? [Horse 23 ], ???????? [0.8754159781839782]
2024-05-06 13:12:30.949 [DEBUG] [Horse] - ???????? Horse, ??? [Horse 24 ], ???????? [0.8754159781839782]
2024-05-06 13:12:30.949 [DEBUG] [Horse] - ???????? Horse, ??? [Horse 25 ], ???????? [0.8754159781839782]
2024-05-06 13:12:30.949 [DEBUG] [Horse] - ???????? Horse, ??? [Horse 26 ], ???????? [0.8754159781839782]
2024-05-06 13:12:30.949 [DEBUG] [Horse] - ???????? Horse, ??? [Horse 27 ], ???????? [0.8754159781839782]
2024-05-06 13:12:30.949 [DEBUG] [Horse] - ???????? Horse, ??? [Horse 28 ], ???????? [0.8754159781839782]
2024-05-06 13:12:30.949 [DEBUG] [Horse] - ???????? Horse, ??? [Horse 29 ], ???????? [0.8754159781839782]
2024-05-06 13:12:30.949 [DEBUG] [Horse] - ???????? Horse, ??? [Horse 30 ], ???????? [0.8754159781839782]
2024-05-06 13:12:30.952 [DEBUG] [Hippodrome] - ???????? Hippodrome, ??????? [30]
2024-05-06 13:12:30.957 [ERROR] [Hippodrome] - Horses list is empty
2024-05-06 13:12:30.959 [ERROR] [Hippodrome] - Horses list is null
2024-05-06 13:12:30.961 [DEBUG] [Horse] - ???????? Horse, ??? [Horse 1 ], ???????? [2.27501299487451]
2024-05-06 13:12:30.962 [DEBUG] [Horse] - ???????? Horse, ??? [Horse 2 ], ???????? [2.27501299487451]
2024-05-06 13:12:30.962 [DEBUG] [Horse] - ???????? Horse, ??? [Horse 3 ], ???????? [2.27501299487451]
2024-05-06 13:12:30.962 [DEBUG] [Horse] - ???????? Horse, ??? [Horse 4 ], ???????? [2.27501299487451]
2024-05-06 13:12:30.962 [DEBUG] [Horse] - ???????? Horse, ??? [Horse 5 ], ???????? [2.27501299487451]
2024-05-06 13:12:30.962 [DEBUG] [Horse] - ???????? Horse, ??? [Horse 6 ], ???????? [2.27501299487451]
2024-05-06 13:12:30.962 [DEBUG] [Horse] - ???????? Horse, ??? [Horse 7 ], ???????? [2.27501299487451]
2024-05-06 13:12:30.962 [DEBUG] [Horse] - ???????? Horse, ??? [Horse 8 ], ???????? [2.27501299487451]
2024-05-06 13:12:30.962 [DEBUG] [Horse] - ???????? Horse, ??? [Horse 9 ], ???????? [2.27501299487451]
2024-05-06 13:12:30.962 [DEBUG] [Horse] - ???????? Horse, ??? [Horse 10 ], ???????? [2.27501299487451]
2024-05-06 13:12:30.962 [DEBUG] [Horse] - ???????? Horse, ??? [Horse 11 ], ???????? [2.27501299487451]
2024-05-06 13:12:30.962 [DEBUG] [Horse] - ???????? Horse, ??? [Horse 12 ], ???????? [2.27501299487451]
2024-05-06 13:12:30.963 [DEBUG] [Horse] - ???????? Horse, ??? [Horse 13 ], ???????? [2.27501299487451]
2024-05-06 13:12:30.963 [DEBUG] [Horse] - ???????? Horse, ??? [Horse 14 ], ???????? [2.27501299487451]
2024-05-06 13:12:30.963 [DEBUG] [Horse] - ???????? Horse, ??? [Horse 15 ], ???????? [2.27501299487451]
2024-05-06 13:12:30.963 [DEBUG] [Horse] - ???????? Horse, ??? [Horse 16 ], ???????? [2.27501299487451]
2024-05-06 13:12:30.963 [DEBUG] [Horse] - ???????? Horse, ??? [Horse 17 ], ???????? [2.27501299487451]
2024-05-06 13:12:30.963 [DEBUG] [Horse] - ???????? Horse, ??? [Horse 18 ], ???????? [2.27501299487451]
2024-05-06 13:12:30.963 [DEBUG] [Horse] - ???????? Horse, ??? [Horse 19 ], ???????? [2.27501299487451]
2024-05-06 13:12:30.963 [DEBUG] [Horse] - ???????? Horse, ??? [Horse 20 ], ???????? [2.27501299487451]
2024-05-06 13:12:30.963 [DEBUG] [Horse] - ???????? Horse, ??? [Horse 21 ], ???????? [2.27501299487451]
2024-05-06 13:12:30.963 [DEBUG] [Horse] - ???????? Horse, ??? [Horse 22 ], ???????? [2.27501299487451]
2024-05-06 13:12:30.963 [DEBUG] [Horse] - ???????? Horse, ??? [Horse 23 ], ???????? [2.27501299487451]
2024-05-06 13:12:30.963 [DEBUG] [Horse] - ???????? Horse, ??? [Horse 24 ], ???????? [2.27501299487451]
2024-05-06 13:12:30.964 [DEBUG] [Horse] - ???????? Horse, ??? [Horse 25 ], ???????? [2.27501299487451]
2024-05-06 13:12:30.964 [DEBUG] [Horse] - ???????? Horse, ??? [Horse 26 ], ???????? [2.27501299487451]
2024-05-06 13:12:30.964 [DEBUG] [Horse] - ???????? Horse, ??? [Horse 27 ], ???????? [2.27501299487451]
2024-05-06 13:12:30.964 [DEBUG] [Horse] - ???????? Horse, ??? [Horse 28 ], ???????? [2.27501299487451]
2024-05-06 13:12:30.964 [DEBUG] [Horse] - ???????? Horse, ??? [Horse 29 ], ???????? [2.27501299487451]
2024-05-06 13:12:30.964 [DEBUG] [Horse] - ???????? Horse, ??? [Horse 30 ], ???????? [2.27501299487451]
2024-05-06 13:12:30.964 [DEBUG] [Hippodrome] - ???????? Hippodrome, ??????? [30]
2024-05-06 13:12:32.241 [DEBUG] [Hippodrome] - ???????? Hippodrome, ??????? [50]
2024-05-06 13:12:32.382 [ERROR] [Horse] - Name is blank
2024-05-06 13:12:32.395 [ERROR] [Horse] - Name is blank
2024-05-06 13:12:32.398 [ERROR] [Horse] - Name is blank
2024-05-06 13:12:32.402 [ERROR] [Horse] - Name is blank
2024-05-06 13:12:32.406 [ERROR] [Horse] - Distance is negative
2024-05-06 13:12:32.408 [ERROR] [Horse] - Speed is negative
2024-05-06 13:12:32.410 [DEBUG] [Horse] - ???????? Horse, ??? [Spirit], ???????? [10.0]
2024-05-06 13:12:32.413 [DEBUG] [Horse] - ???????? Horse, ??? [Spirit], ???????? [10.0]
2024-05-06 13:12:32.418 [ERROR] [Horse] - Name is blank
2024-05-06 13:12:32.422 [ERROR] [Horse] - Name is blank
2024-05-06 13:12:32.425 [ERROR] [Horse] - Name is blank
2024-05-06 13:12:32.427 [ERROR] [Horse] - Name is blank
2024-05-06 13:12:32.430 [ERROR] [Horse] - Speed is negative
2024-05-06 13:12:32.439 [DEBUG] [Horse] - ???????? Horse, ??? [Spirit], ???????? [10.0]
2024-05-06 13:12:32.445 [DEBUG] [Horse] - ???????? Horse, ??? [Spirit], ???????? [10.0]
2024-05-06 13:12:32.448 [ERROR] [Horse] - Distance is negative
2024-05-06 13:12:32.451 [ERROR] [Horse] - Name is null
2024-05-06 13:12:32.453 [ERROR] [Horse] - Name is null
2024-05-06 13:12:32.455 [DEBUG] [Horse] - ???????? Horse, ??? [Spirit], ???????? [10.0]
2024-05-06 13:12:32.456 [DEBUG] [Horse] - ???????? Horse, ??? [Spirit], ???????? [10.0]
2024-05-06 13:31:03.911 [DEBUG] [Horse] - ???????? Horse, ??? [Bucephalus], ???????? [2.4]
2024-05-06 13:31:03.915 [DEBUG] [Horse] - ???????? Horse, ??? [Ace of Spades], ???????? [2.5]
2024-05-06 13:31:03.916 [DEBUG] [Horse] - ???????? Horse, ??? [Zephyr], ???????? [2.6]
2024-05-06 13:31:03.916 [DEBUG] [Horse] - ???????? Horse, ??? [Blaze], ???????? [2.7]
2024-05-06 13:31:03.916 [DEBUG] [Horse] - ???????? Horse, ??? [Lobster], ???????? [2.8]
2024-05-06 13:31:03.916 [DEBUG] [Horse] - ???????? Horse, ??? [Pegasus], ???????? [2.9]
2024-05-06 13:31:03.916 [DEBUG] [Horse] - ???????? Horse, ??? [Cherry], ???????? [3.0]
2024-05-06 13:31:03.919 [DEBUG] [Hippodrome] - ???????? Hippodrome, ??????? [7]
2024-05-06 13:31:03.920 [DEBUG] [Main] - ?????? ??????. ?????????? ??????????: [7]
2024-05-06 13:31:24.272 [DEBUG] [Main] - ????????? ??????. ?????????? [Cherry]
2024-05-06 13:35:05.630 [DEBUG] [Horse] - ???????? Horse, ??? [Bucephalus], ???????? [2.4]
2024-05-06 13:35:05.636 [DEBUG] [Horse] - ???????? Horse, ??? [Ace of Spades], ???????? [2.5]
2024-05-06 13:35:05.636 [DEBUG] [Horse] - ???????? Horse, ??? [Zephyr], ???????? [2.6]
2024-05-06 13:35:05.636 [DEBUG] [Horse] - ???????? Horse, ??? [Blaze], ???????? [2.7]
2024-05-06 13:35:05.637 [DEBUG] [Horse] - ???????? Horse, ??? [Lobster], ???????? [2.8]
2024-05-06 13:35:05.637 [DEBUG] [Horse] - ???????? Horse, ??? [Pegasus], ???????? [2.9]
2024-05-06 13:35:05.637 [DEBUG] [Horse] - ???????? Horse, ??? [Cherry], ???????? [3.0]
2024-05-06 13:35:05.641 [DEBUG] [Hippodrome] - ???????? Hippodrome, ??????? [7]
2024-05-06 13:35:05.641 [DEBUG] [Main] - ?????? ??????. ?????????? ??????????: [7]
2024-05-06 13:35:25.981 [DEBUG] [Main] - ????????? ??????. ?????????? [Cherry]
2024-05-06 13:49:41.835 [DEBUG] [Horse] - ???????? Horse, ??? [Bucephalus], ???????? [2.4]
2024-05-06 13:49:41.838 [DEBUG] [Horse] - ???????? Horse, ??? [Ace of Spades], ???????? [2.5]
2024-05-06 13:49:41.838 [DEBUG] [Horse] - ???????? Horse, ??? [Zephyr], ???????? [2.6]
2024-05-06 13:49:41.839 [DEBUG] [Horse] - ???????? Horse, ??? [Blaze], ???????? [2.7]
2024-05-06 13:49:41.839 [DEBUG] [Horse] - ???????? Horse, ??? [Lobster], ???????? [2.8]
2024-05-06 13:49:41.839 [DEBUG] [Horse] - ???????? Horse, ??? [Pegasus], ???????? [2.9]
2024-05-06 13:49:41.839 [DEBUG] [Horse] - ???????? Horse, ??? [Cherry], ???????? [3.0]
2024-05-06 13:49:41.843 [DEBUG] [Hippodrome] - ???????? Hippodrome, ??????? [7]
2024-05-06 13:49:41.843 [DEBUG] [Main] - ?????? ??????. ?????????? ??????????: [7]
2024-05-06 13:50:02.173 [DEBUG] [Main] - ????????? ??????. ?????????? [Cherry]
2024-05-06 13:51:48.575 [DEBUG] [Horse] - ???????? Horse, ??? [Bucephalus], ???????? [2.4]
2024-05-06 13:51:48.578 [DEBUG] [Horse] - ???????? Horse, ??? [Ace of Spades], ???????? [2.5]
2024-05-06 13:51:48.579 [DEBUG] [Horse] - ???????? Horse, ??? [Zephyr], ???????? [2.6]
2024-05-06 13:51:48.579 [DEBUG] [Horse] - ???????? Horse, ??? [Blaze], ???????? [2.7]
2024-05-06 13:51:48.579 [DEBUG] [Horse] - ???????? Horse, ??? [Lobster], ???????? [2.8]
2024-05-06 13:51:48.579 [DEBUG] [Horse] - ???????? Horse, ??? [Pegasus], ???????? [2.9]
2024-05-06 13:51:48.580 [DEBUG] [Horse] - ???????? Horse, ??? [Cherry], ???????? [3.0]
2024-05-06 13:51:48.584 [DEBUG] [Hippodrome] - ???????? Hippodrome, ??????? [7]
2024-05-06 13:51:48.585 [DEBUG] [Main] - ?????? ??????. ?????????? ??????????: [7]
2024-05-06 13:52:08.940 [DEBUG] [Main] - ????????? ??????. ?????????? [Cherry]
