2024-05-06 13:57:13.468 [DEBUG] [Horse] - Создание Horse, имя [Bucephalus], скорость [2.4]
2024-05-06 13:57:13.471 [DEBUG] [Horse] - Создание Horse, имя [Ace of Spades], скорость [2.5]
2024-05-06 13:57:13.472 [DEBUG] [Horse] - Создание Horse, имя [Zephyr], скорость [2.6]
2024-05-06 13:57:13.472 [DEBUG] [Horse] - Создание Horse, имя [Blaze], скорость [2.7]
2024-05-06 13:57:13.472 [DEBUG] [Horse] - Создание Horse, имя [Lobster], скорость [2.8]
2024-05-06 13:57:13.472 [DEBUG] [Horse] - Создание Horse, имя [Pegasus], скорость [2.9]
2024-05-06 13:57:13.476 [DEBUG] [Horse] - Создание Horse, имя [Cherry], скорость [3.0]
2024-05-06 13:57:13.479 [DEBUG] [Hippodrome] - Создание Hippodrome, лошадей [7]
2024-05-06 13:57:13.480 [DEBUG] [Main] - Начало скачек. Количество участников: [7]
2024-05-06 13:57:33.817 [DEBUG] [Main] - Окончание скачек. Победитель [Lobster]
2024-05-06 14:11:44.690 [DEBUG] [Horse] - Создание Horse, имя [Bucephalus], скорость [2.4]
2024-05-06 14:11:44.694 [DEBUG] [Horse] - Создание Horse, имя [Ace of Spades], скорость [2.5]
2024-05-06 14:11:44.695 [DEBUG] [Horse] - Создание Horse, имя [Zephyr], скорость [2.6]
2024-05-06 14:11:44.695 [DEBUG] [Horse] - Создание Horse, имя [Blaze], скорость [2.7]
2024-05-06 14:11:44.695 [DEBUG] [Horse] - Создание Horse, имя [Lobster], скорость [2.8]
2024-05-06 14:11:44.695 [DEBUG] [Horse] - Создание Horse, имя [Pegasus], скорость [2.9]
2024-05-06 14:11:44.695 [DEBUG] [Horse] - Создание Horse, имя [Cherry], скорость [3.0]
2024-05-06 14:11:44.699 [DEBUG] [Hippodrome] - Создание Hippodrome, лошадей [7]
2024-05-06 14:11:44.699 [DEBUG] [Main] - Начало скачек. Количество участников: [7]
2024-05-06 14:12:05.055 [DEBUG] [Main] - Окончание скачек. Победитель [Cherry]
